Case #1: SOUP
Case #2: AMBIGUOUS
Case #3: YJHI
Case #4: XLII
Case #5: AMBIGUOUS
Case #6: XHQE
Case #7: SNMV
Case #8: AMBIGUOUS
Case #9: QBCF
Case #10: YZVL
Case #11: AUUA
Case #12: QOEK
Case #13: YXVH
Case #14: FJRF
Case #15: DICM
Case #16: SHVI
Case #17: AMBIGUOUS
Case #18: YNFR
Case #19: HH
Case #20: PHGR
Case #21: AMBIGUOUS
Case #22: FI
Case #23: AMBIGUOUS
Case #24: YFEV
Case #25: PBOD
Case #26: ONEK
Case #27: FTKG
Case #28: DVUU
Case #29: DQRV
Case #30: AMBIGUOUS
Case #31: GZNB
Case #32: XVEN
Case #33: AMBIGUOUS
Case #34: AMBIGUOUS
Case #35: PRCL
Case #36: MWJG
Case #37: PP
Case #38: AHLW
Case #39: AMBIGUOUS
Case #40: KFMX
Case #41: VP
Case #42: USGA
Case #43: BXZF
Case #44: YBAV
Case #45: DGHS
Case #46: CZLJ
Case #47: ZYUB
Case #48: AMBIGUOUS
Case #49: SJKL
Case #50: CG
Case #51: OUPE
Case #52: EJCL
Case #53: XBYL
Case #54: FATA
Case #55: BAZZ
Case #56: LN
Case #57: SKKT
Case #58: QLKS
Case #59: BSZY
Case #60: IAIY
Case #61: AMBIGUOUS
Case #62: JMMS
Case #63: JV
Case #64: AMBIGUOUS
Case #65: AMBIGUOUS
Case #66: ZW
Case #67: PFJK
Case #68: AA
Case #69: KK
Case #70: ZRXM
Case #71: YGXF
Case #72: QRGQ
Case #73: AMBIGUOUS
Case #74: UIFX
Case #75: CLRG
Case #76: BPWQ
Case #77: AAAA
Case #78: VU
Case #79: JS
Case #80: SUML
Case #81: LD
Case #82: AMBIGUOUS
Case #83: AMBIGUOUS
Case #84: JLCC
Case #85: WPDJ
Case #86: UBVS
Case #87: QPZW
Case #88: MW
Case #89: NQ
Case #90: USYN
Case #91: ENXW
Case #92: NJ
Case #93: BV
Case #94: AMBIGUOUS
Case #95: UVPC
Case #96: LIFX
Case #97: NDMH
Case #98: ZPHE
Case #99: PQNJ
Case #100: ECUD